2023-04-19 01:45:04 INFO  Log:14 - *************************************
2023-04-19 01:45:04 INFO  Log:15 - **************************************
2023-04-19 01:45:04 INFO  Log:16 - **********This is the begining of my Test case*************
2023-04-19 01:45:04 INFO  Log:28 - My test case is executing now
2023-04-19 01:45:04 INFO  Log:32 - My test case might have some trivial issue
2023-04-19 01:45:33 INFO  Log:28 - This test case is about to get completed
2023-04-19 01:45:33 INFO  Log:21 - ###################################
2023-04-19 01:45:33 INFO  Log:22 - ####################################
2023-04-19 01:45:33 INFO  Log:23 - ##############This test case is finished################
2023-04-19 02:55:45 INFO  Log:14 - *************************************
2023-04-19 02:55:45 INFO  Log:15 - **************************************
2023-04-19 02:55:45 INFO  Log:16 - **********This is the begining of my Test case*************
2023-04-19 02:55:45 INFO  Log:28 - My test case is executing now
2023-04-19 02:55:45 INFO  Log:32 - My test case might have some trivial issue
2023-04-19 02:55:55 INFO  Log:28 - This test case is about to get completed
2023-04-19 02:55:55 INFO  Log:21 - ###################################
2023-04-19 02:55:55 INFO  Log:22 - ####################################
2023-04-19 02:55:55 INFO  Log:23 - ##############This test case is finished################
2023-05-02 13:00:52 INFO  Log:14 - *************************************
2023-05-02 13:00:52 INFO  Log:15 - **************************************
2023-05-02 13:00:52 INFO  Log:16 - **********This is the begining of my Test case*************
2023-05-02 13:00:52 INFO  Log:28 - My test case is executing now
2023-05-02 13:00:52 INFO  Log:32 - My test case might have some trivial issue
2023-05-02 13:00:56 INFO  Log:28 - This test case is about to get completed
2023-05-02 13:00:56 INFO  Log:21 - ###################################
2023-05-02 13:00:56 INFO  Log:22 - ####################################
2023-05-02 13:00:56 INFO  Log:23 - ##############This test case is finished################
2023-05-13 17:28:37 INFO  Log:14 - *************************************
2023-05-13 17:28:37 INFO  Log:15 - **************************************
2023-05-13 17:28:37 INFO  Log:16 - **********This is the begining of my Test case*************
2023-05-13 17:28:37 INFO  Log:28 - My test case is executing now
2023-05-13 17:28:37 INFO  Log:32 - My test case might have some trivial issue
2023-05-13 17:28:47 INFO  Log:28 - This test case is about to get completed
2023-05-13 17:28:47 INFO  Log:21 - ###################################
2023-05-13 17:28:47 INFO  Log:22 - ####################################
2023-05-13 17:28:47 INFO  Log:23 - ##############This test case is finished################
2023-05-13 17:47:10 INFO  Log:14 - *************************************
2023-05-13 17:47:10 INFO  Log:15 - **************************************
2023-05-13 17:47:10 INFO  Log:16 - **********This is the begining of my Test case*************
2023-05-13 17:47:10 INFO  Log:28 - My test case is executing now
2023-05-13 17:47:10 INFO  Log:32 - My test case might have some trivial issue
2023-05-13 17:47:20 INFO  Log:28 - This test case is about to get completed
2023-05-13 17:47:20 INFO  Log:21 - ###################################
2023-05-13 17:47:20 INFO  Log:22 - ####################################
2023-05-13 17:47:20 INFO  Log:23 - ##############This test case is finished################
2023-05-27 18:53:02 INFO  Log:14 - *************************************
2023-05-27 18:53:02 INFO  Log:15 - **************************************
2023-05-27 18:53:02 INFO  Log:16 - **********This is the begining of my Test case*************
2023-05-27 18:53:02 INFO  Log:28 - My test case is executing now
2023-05-27 18:53:02 INFO  Log:32 - My test case might have some trivial issue
2023-05-27 18:53:04 INFO  Log:28 - This test case is about to get completed
2023-05-27 18:53:04 INFO  Log:21 - ###################################
2023-05-27 18:53:04 INFO  Log:22 - ####################################
2023-05-27 18:53:04 INFO  Log:23 - ##############This test case is finished################
2023-05-31 02:32:39 INFO  Log:14 - *************************************
2023-05-31 02:32:39 INFO  Log:15 - **************************************
2023-05-31 02:32:39 INFO  Log:16 - **********This is the begining of my Test case*************
2023-05-31 02:32:39 INFO  Log:28 - My test case is executing now
2023-05-31 02:32:39 INFO  Log:32 - My test case might have some trivial issue
2023-05-31 02:34:27 INFO  Log:14 - *************************************
2023-05-31 02:34:27 INFO  Log:15 - **************************************
2023-05-31 02:34:27 INFO  Log:16 - **********This is the begining of my Test case*************
2023-05-31 02:34:27 INFO  Log:28 - My test case is executing now
2023-05-31 02:34:27 INFO  Log:32 - My test case might have some trivial issue
2023-05-31 02:34:51 INFO  Log:28 - This test case is about to get completed
2023-05-31 02:34:51 INFO  Log:21 - ###################################
2023-05-31 02:34:51 INFO  Log:22 - ####################################
2023-05-31 02:34:51 INFO  Log:23 - ##############This test case is finished################
